modify=<e:\install\西藏同~1\alertsound\alert.wav>;<e:\install\西藏同~1\updatebackup\2012030116\alertsound\alert.wav>
modify=<e:\install\西藏同~1\alertsound\up.wav>;<e:\install\西藏同~1\updatebackup\2012030116\alertsound\up.wav>
modify=<e:\install\西藏同~1\alertsound\清脆.wav>;<e:\install\西藏同~1\updatebackup\2012030116\alertsound\清脆.wav>
modify=<e:\install\西藏同~1\cntssl.dll>;<e:\install\西藏同~1\updatebackup\2012030116\cntssl.dll>
create=<e:\install\西藏同~1\dynamenu.xml>
modify=<e:\install\西藏同~1\hcrypt.dll>;<e:\install\西藏同~1\updatebackup\2012030116\hcrypt.dll>
modify=<e:\install\西藏同~1\help.hrs>;<e:\install\西藏同~1\updatebackup\2012030116\help.hrs>
modify=<e:\install\西藏同~1\help.url>;<e:\install\西藏同~1\updatebackup\2012030116\help.url>
modify=<e:\install\西藏同~1\html\ad.htm>;<e:\install\西藏同~1\updatebackup\2012030116\html\ad.htm>
modify=<e:\install\西藏同~1\html\comm.js>;<e:\install\西藏同~1\updatebackup\2012030116\html\comm.js>
modify=<e:\install\西藏同~1\html\index\findgate.html>;<e:\install\西藏同~1\updatebackup\2012030116\html\index\findgate.html>
modify=<e:\install\西藏同~1\html\index\google\big.jpg>;<e:\install\西藏同~1\updatebackup\2012030116\html\index\google\big.jpg>
modify=<e:\install\西藏同~1\html\index\google\small.jpg>;<e:\install\西藏同~1\updatebackup\2012030116\html\index\google\small.jpg>
modify=<e:\install\西藏同~1\html\index\index.html>;<e:\install\西藏同~1\updatebackup\2012030116\html\index\index.html>
modify=<e:\install\西藏同~1\html\index\listfirst.html>;<e:\install\西藏同~1\updatebackup\2012030116\html\index\listfirst.html>
modify=<e:\install\西藏同~1\html\index\responsetable.html>;<e:\install\西藏同~1\updatebackup\2012030116\html\index\responsetable.html>
modify=<e:\install\西藏同~1\html\jiaoyi.html>;<e:\install\西藏同~1\updatebackup\2012030116\html\jiaoyi.html>
modify=<e:\install\西藏同~1\html\model\listmodel.html>;<e:\install\西藏同~1\updatebackup\2012030116\html\model\listmodel.html>
modify=<e:\install\西藏同~1\html\model\tablemodel.html>;<e:\install\西藏同~1\updatebackup\2012030116\html\model\tablemodel.html>
modify=<e:\install\西藏同~1\html\top.swf>;<e:\install\西藏同~1\updatebackup\2012030116\html\top.swf>
modify=<e:\install\西藏同~1\html\ykreport.html>;<e:\install\西藏同~1\updatebackup\2012030116\html\ykreport.html>
modify=<e:\install\西藏同~1\html\zijinchg.html>;<e:\install\西藏同~1\updatebackup\2012030116\html\zijinchg.html>
modify=<e:\install\西藏同~1\hxgc.exe>;<e:\install\西藏同~1\updatebackup\2012030116\hxgc.exe>
create=<e:\install\西藏同~1\icon\>
create=<e:\install\西藏同~1\icon\bc_b.bmp>
create=<e:\install\西藏同~1\icon\bc_b.gif>
create=<e:\install\西藏同~1\icon\bc_s.bmp>
create=<e:\install\西藏同~1\icon\bc_s.gif>
create=<e:\install\西藏同~1\icon\bs.gif>
create=<e:\install\西藏同~1\icon\cj_b.bmp>
create=<e:\install\西藏同~1\icon\cj_b.gif>
create=<e:\install\西藏同~1\icon\cj_s.bmp>
create=<e:\install\西藏同~1\icon\cj_s.gif>
create=<e:\install\西藏同~1\icon\wt_b.bmp>
create=<e:\install\西藏同~1\icon\wt_b.gif>
create=<e:\install\西藏同~1\icon\wt_m.gif>
create=<e:\install\西藏同~1\icon\wt_mb.gif>
create=<e:\install\西藏同~1\icon\wt_ms.gif>
create=<e:\install\西藏同~1\icon\wt_s.bmp>
create=<e:\install\西藏同~1\icon\wt_s.gif>
create=<e:\install\西藏同~1\icon\yj_b.gif>
create=<e:\install\西藏同~1\icon\yj_m.gif>
create=<e:\install\西藏同~1\icon\yj_s.gif>
create=<e:\install\西藏同~1\icon\ym_b.bmp>
create=<e:\install\西藏同~1\icon\ym_s.bmp>
modify=<e:\install\西藏同~1\netdiagnosis.ini>;<e:\install\西藏同~1\updatebackup\2012030116\netdiagnosis.ini>
modify=<e:\install\西藏同~1\netdiagnosistool.exe>;<e:\install\西藏同~1\updatebackup\2012030116\netdiagnosistool.exe>
modify=<e:\install\西藏同~1\riched20.dll>;<e:\install\西藏同~1\updatebackup\2012030116\riched20.dll>
modify=<e:\install\西藏同~1\richedtw.dll>;<e:\install\西藏同~1\updatebackup\2012030116\richedtw.dll>
modify=<e:\install\西藏同~1\screen_config.ini>;<e:\install\西藏同~1\updatebackup\2012030116\screen_config.ini>
create=<e:\install\西藏同~1\selfstocksync.exe>
modify=<e:\install\西藏同~1\shortkey.htm>;<e:\install\西藏同~1\updatebackup\2012030116\shortkey.htm>
modify=<e:\install\西藏同~1\sqlite30.dll>;<e:\install\西藏同~1\updatebackup\2012030116\sqlite30.dll>
modify=<e:\install\西藏同~1\tc_config.ini>;<e:\install\西藏同~1\updatebackup\2012030116\tc_config.ini>
create=<e:\install\西藏同~1\update.bat>
modify=<e:\install\西藏同~1\update.ini>;<e:\install\西藏同~1\updatebackup\2012030116\update.ini>
modify=<e:\install\西藏同~1\virusscan.dat>;<e:\install\西藏同~1\updatebackup\2012030116\virusscan.dat>
modify=<e:\install\西藏同~1\virusscan.dll>;<e:\install\西藏同~1\updatebackup\2012030116\virusscan.dll>
modify=<e:\install\西藏同~1\weituo.exe>;<e:\install\西藏同~1\updatebackup\2012030116\weituo.exe>
modify=<e:\install\西藏同~1\xiadan.ini>;<e:\install\西藏同~1\updatebackup\2012030116\xiadan.ini>
modify=<e:\install\西藏同~1\xz_guest\xiadan.ini>;<e:\install\西藏同~1\updatebackup\2012030116\xz_guest\xiadan.ini>
modify=<e:\install\西藏同~1\zdsj.exe>;<e:\install\西藏同~1\updatebackup\2012030116\zdsj.exe>
